<?xml version="1.0" encoding="UTF-8"?>
<testsuite xmlns:xsi="http://www.w3.org/2001/XMLSchema-instance" xsi:noNamespaceSchemaLocation="https://maven.apache.org/surefire/maven-surefire-plugin/xsd/surefire-test-report-3.0.xsd" version="3.0" name="com.example.cdk_lambda_java_demo.CdkLambdaJavaDemoApplicationTests" time="1.034" tests="1" errors="0" skipped="0" failures="0">
  <properties>
[...]
</properties>
  <testcase name="contextLoads" classname="com.example.cdk_lambda_java_demo.CdkLambdaJavaDemoApplicationTests" time="0.408">
    <system-out><![CDATA[13:01:25.176 [main] INFO org.springframework.test.context.support.AnnotationConfigContextLoaderUtils -- Could not detect default configuration classes for test class [com.example.cdk_lambda_java_demo.CdkLambdaJavaDemoApplicationTests]: CdkLambdaJavaDemoApplicationTests does not declare any static, non-private, non-final, nested classes annotated with @Configuration.
13:01:25.218 [main] INFO org.springframework.boot.test.context.SpringBootTestContextBootstrapper -- Found @SpringBootConfiguration com.example.cdk_lambda_java_demo.CdkLambdaJavaDemoApplication for test class com.example.cdk_lambda_java_demo.CdkLambdaJavaDemoApplicationTests

  .   ____          _            __ _ _
 /\\ / ___'_ __ _ _(_)_ __  __ _ \ \ \ \
( ( )\___ | '_ | '_| | '_ \/ _` | \ \ \ \
 \\/  ___)| |_)| | | | | || (_| |  ) ) ) )
  '  |____| .__|_| |_|_| |_\__, | / / / /
 =========|_|==============|___/=/_/_/_/

 :: Spring Boot ::                (v3.3.5)

2024-11-02T13:01:25.386-06:00  WARN 74834 --- [cdk-lambda-java-demo] [           main] ory$DuplicateJsonObjectContextCustomizer : 

Found multiple occurrences of org.json.JSONObject on the class path:

	jar:file:/Users/niomwungeri/.m2/repository/org/json/json/20240303/json-20240303.jar!/org/json/JSONObject.class
	jar:file:/Users/niomwungeri/.m2/repository/com/vaadin/external/google/android-json/0.0.20131108.vaadin1/android-json-0.0.20131108.vaadin1.jar!/org/json/JSONObject.class

You may wish to exclude one of them to ensure predictable runtime behavior

2024-11-02T13:01:25.394-06:00  INFO 74834 --- [cdk-lambda-java-demo] [           main] c.e.c.CdkLambdaJavaDemoApplicationTests  : Starting CdkLambdaJavaDemoApplicationTests using Java 17.0.6 with PID 74834 (started by niomwungeri in /Users/niomwungeri/Documents/Work/PERSONAL_APPS/aws-cdk-pipeline-demo/lambda)
2024-11-02T13:01:25.395-06:00  INFO 74834 --- [cdk-lambda-java-demo] [           main] c.e.c.CdkLambdaJavaDemoApplicationTests  : No active profile set, falling back to 1 default profile: "default"
2024-11-02T13:01:25.724-06:00  INFO 74834 --- [cdk-lambda-java-demo] [           main] c.e.c.CdkLambdaJavaDemoApplicationTests  : Started CdkLambdaJavaDemoApplicationTests in 0.444 seconds (process running for 0.851)
]]></system-out>
  </testcase>
</testsuite>